2024-02-24T22:03:54.579Z 0: 

----------------------------------------------
2024-02-24T22:03:54.595Z 1: Discord starting: {"releaseChannel":"stable","version":"0.0.43"}, modulepath: /home/timur/.config/discord/0.0.43/modules
2024-02-24T22:03:54.599Z 2: ✅ webContents.created web1 ""
2024-02-24T22:03:54.602Z 3: ✅ window.created win1 "discord"
2024-02-24T22:03:56.210Z 4: ✅ webContents.did-finish-load web1
2024-02-24T22:04:01.192Z 5: window.close win1
2024-02-24T22:04:01.202Z 6: webContents.destroyed web1
2024-02-24T22:05:18.763Z 0: 

----------------------------------------------
2024-02-24T22:05:18.782Z 1: Discord starting: {"releaseChannel":"stable","version":"0.0.43"}, modulepath: /home/timur/.config/discord/0.0.43/modules
2024-02-24T22:05:18.785Z 2: ✅ webContents.created web1 ""
2024-02-24T22:05:18.787Z 3: ✅ window.created win1 "discord"
2024-02-24T22:05:20.463Z 4: ✅ webContents.did-finish-load web1
2024-02-24T22:11:18.690Z 5: ✅ webContents.created web2 ""
2024-02-24T22:11:18.694Z 6: ✅ window.created win2 "Discord"
2024-02-24T22:11:41.726Z 7: ✅ webContents.did-finish-load web2
2024-02-24T22:11:41.826Z 8: window.close win1
2024-02-24T22:11:41.918Z 9: webContents.destroyed web1
2024-02-24T22:11:41.921Z 10: window.closed win1
2024-02-24T22:15:22.138Z 11: window.close win2
2024-02-24T22:15:59.495Z 0: 

----------------------------------------------
2024-02-24T22:15:59.505Z 1: Discord starting: {"releaseChannel":"stable","version":"0.0.43"}, modulepath: /home/timur/.config/discord/0.0.43/modules
2024-02-24T22:16:47.146Z 12: window.close win2
2024-02-24T22:17:58.523Z 0: 

----------------------------------------------
2024-02-24T22:17:58.533Z 1: Discord starting: {"releaseChannel":"stable","version":"0.0.43"}, modulepath: /home/timur/.config/discord/0.0.43/modules
2024-02-24T22:22:09.824Z 13: window.close win2
2024-02-24T22:25:48.213Z 14: before-quit
2024-02-25T13:24:18.168Z 0: 

----------------------------------------------
2024-02-25T13:24:18.182Z 1: Discord starting: {"releaseChannel":"stable","version":"0.0.43"}, modulepath: /home/timur/.config/discord/0.0.43/modules
2024-02-25T13:24:18.185Z 2: ✅ webContents.created web1 ""
2024-02-25T13:24:18.187Z 3: ✅ window.created win1 "discord"
2024-02-25T13:24:18.455Z 4: ✅ webContents.did-finish-load web1
2024-02-25T13:24:20.223Z 5: ✅ webContents.created web2 ""
2024-02-25T13:24:20.226Z 6: ✅ window.created win2 "Discord"
2024-02-25T13:24:23.159Z 7: ✅ webContents.did-finish-load web2
2024-02-25T13:24:23.258Z 8: window.close win1
2024-02-25T13:24:23.268Z 9: webContents.destroyed web1
2024-02-25T13:24:23.269Z 10: window.closed win1
2024-02-25T13:25:42.878Z 11: window.close win2
2024-02-25T13:26:00.988Z 0: 

----------------------------------------------
2024-02-25T13:26:01.001Z 1: Discord starting: {"releaseChannel":"stable","version":"0.0.43"}, modulepath: /home/timur/.config/discord/0.0.43/modules
2024-02-25T13:26:04.878Z 12: window.close win2
2024-02-25T13:26:09.866Z 13: before-quit
2024-02-25T13:27:07.230Z 0: 

----------------------------------------------
2024-02-25T13:27:07.245Z 1: Discord starting: {"releaseChannel":"stable","version":"0.0.43"}, modulepath: /home/timur/.config/discord/0.0.43/modules
2024-02-25T13:27:07.248Z 2: ✅ webContents.created web1 ""
2024-02-25T13:27:07.250Z 3: ✅ window.created win1 "discord"
2024-02-25T13:27:07.486Z 4: ✅ webContents.did-finish-load web1
2024-02-25T13:27:09.837Z 5: ✅ webContents.created web2 ""
2024-02-25T13:27:09.841Z 6: ✅ window.created win2 "Discord"
2024-02-25T13:27:14.691Z 7: ✅ webContents.did-finish-load web2
2024-02-25T13:27:14.790Z 8: window.close win1
2024-02-25T13:27:14.802Z 9: webContents.destroyed web1
2024-02-25T13:27:14.805Z 10: window.closed win1
2024-02-25T13:27:29.020Z 11: window.close win2
2024-02-25T13:29:47.306Z 12: before-quit
2024-02-25T13:30:45.811Z 0: 

----------------------------------------------
2024-02-25T13:30:45.825Z 1: Discord starting: {"releaseChannel":"stable","version":"0.0.43"}, modulepath: /home/timur/.config/discord/0.0.43/modules
2024-02-25T13:30:45.828Z 2: ✅ webContents.created web1 ""
2024-02-25T13:30:45.830Z 3: ✅ window.created win1 "discord"
2024-02-25T13:30:46.097Z 4: ✅ webContents.did-finish-load web1
2024-02-25T13:30:50.106Z 5: ✅ webContents.created web2 ""
2024-02-25T13:30:50.110Z 6: ✅ window.created win2 "Discord"
2024-02-25T13:30:53.950Z 7: ✅ webContents.did-finish-load web2
2024-02-25T13:30:54.027Z 8: window.close win1
2024-02-25T13:30:54.049Z 9: webContents.destroyed web1
2024-02-25T13:30:54.051Z 10: window.closed win1
2024-02-25T13:31:02.181Z 11: window.close win2
2024-02-25T13:31:34.135Z 0: 

----------------------------------------------
2024-02-25T13:31:34.149Z 1: Discord starting: {"releaseChannel":"stable","version":"0.0.43"}, modulepath: /home/timur/.config/discord/0.0.43/modules
2024-02-25T13:31:36.272Z 12: window.close win2
2024-02-25T13:31:40.378Z 13: before-quit
2024-02-25T13:33:43.570Z 0: 

----------------------------------------------
2024-02-25T13:33:43.584Z 1: Discord starting: {"releaseChannel":"stable","version":"0.0.43"}, modulepath: /home/timur/.config/discord/0.0.43/modules
2024-02-25T13:33:43.587Z 2: ✅ webContents.created web1 ""
2024-02-25T13:33:43.589Z 3: ✅ window.created win1 "discord"
2024-02-25T13:33:43.851Z 4: ✅ webContents.did-finish-load web1
2024-02-25T13:33:45.081Z 5: ✅ webContents.created web2 ""
2024-02-25T13:33:45.085Z 6: ✅ window.created win2 "Discord"
2024-02-25T13:33:47.521Z 7: ✅ webContents.did-finish-load web2
2024-02-25T13:33:47.621Z 8: window.close win1
2024-02-25T13:33:47.644Z 9: webContents.destroyed web1
2024-02-25T13:33:47.646Z 10: window.closed win1
2024-02-25T13:33:59.441Z 11: window.close win2
2024-02-25T13:34:19.094Z 0: 

----------------------------------------------
2024-02-25T13:34:19.110Z 1: Discord starting: {"releaseChannel":"stable","version":"0.0.43"}, modulepath: /home/timur/.config/discord/0.0.43/modules
2024-02-25T13:34:19.914Z 12: window.close win2
2024-02-25T13:35:04.531Z 13: before-quit
2024-02-25T13:35:04.610Z 14: window.close win2
2024-02-25T13:35:04.615Z 15: webContents.destroyed web2
2024-03-02T12:05:53.577Z 0: 

----------------------------------------------
2024-03-02T12:05:53.591Z 1: Discord starting: {"releaseChannel":"stable","version":"0.0.43"}, modulepath: /home/timur/.config/discord/0.0.43/modules
2024-03-02T12:05:53.594Z 2: ✅ webContents.created web1 ""
2024-03-02T12:05:53.596Z 3: ✅ window.created win1 "discord"
2024-03-02T12:05:55.288Z 4: ✅ webContents.did-finish-load web1
2024-03-02T12:05:56.951Z 5: ✅ webContents.created web2 ""
2024-03-02T12:05:56.956Z 6: ✅ window.created win2 "Discord"
2024-03-02T12:06:11.068Z 7: ✅ webContents.did-finish-load web2
2024-03-02T12:06:11.167Z 8: window.close win1
2024-03-02T12:06:11.248Z 9: webContents.destroyed web1
2024-03-02T12:06:11.252Z 10: window.closed win1
2024-03-02T12:06:18.577Z 11: ✅ webContents.did-finish-load web2
2024-03-02T12:33:41.363Z 0: 

----------------------------------------------
2024-03-02T12:33:41.373Z 1: Discord starting: {"releaseChannel":"stable","version":"0.0.43"}, modulepath: /home/timur/.config/discord/0.0.43/modules
2024-03-02T12:33:46.743Z 0: 

----------------------------------------------
2024-03-02T12:33:46.756Z 1: Discord starting: {"releaseChannel":"stable","version":"0.0.43"}, modulepath: /home/timur/.config/discord/0.0.43/modules
2024-03-02T13:21:35.362Z 0: 

----------------------------------------------
2024-03-02T13:21:35.371Z 1: Discord starting: {"releaseChannel":"stable","version":"0.0.43"}, modulepath: /home/timur/.config/discord/0.0.43/modules
2024-03-02T13:27:03.290Z 12: window.close win2
2024-03-02T14:16:23.058Z 0: 

----------------------------------------------
2024-03-02T14:16:23.074Z 1: Discord starting: {"releaseChannel":"stable","version":"0.0.43"}, modulepath: /home/timur/.config/discord/0.0.43/modules
2024-03-02T15:21:11.754Z 13: window.close win2
2024-03-02T15:21:15.199Z 0: 

----------------------------------------------
2024-03-02T15:21:15.212Z 1: Discord starting: {"releaseChannel":"stable","version":"0.0.43"}, modulepath: /home/timur/.config/discord/0.0.43/modules
2024-03-02T15:25:17.899Z 14: window.close win2
2024-03-02T15:26:31.046Z 15: before-quit
2024-03-03T10:40:12.779Z 0: 

----------------------------------------------
2024-03-03T10:40:12.793Z 1: Discord starting: {"releaseChannel":"stable","version":"0.0.43"}, modulepath: /home/timur/.config/discord/0.0.43/modules
2024-03-03T10:40:12.796Z 2: ✅ webContents.created web1 ""
2024-03-03T10:40:12.798Z 3: ✅ window.created win1 "discord"
2024-03-03T10:40:13.080Z 4: ✅ webContents.did-finish-load web1
2024-03-03T10:40:15.261Z 5: ✅ webContents.created web2 ""
2024-03-03T10:40:15.265Z 6: ✅ window.created win2 "Discord"
2024-03-03T10:40:17.201Z 7: ✅ webContents.did-finish-load web2
2024-03-03T10:40:17.301Z 8: window.close win1
2024-03-03T10:40:17.308Z 9: webContents.destroyed web1
2024-03-03T10:40:17.310Z 10: window.closed win1
2024-03-03T10:54:27.941Z 11: window.close win2
